<?xml version="1.0" encoding="UTF-8"?>
<testsuite name="project.todo.testController.test" tests="1" skipped="0" failures="0" errors="0" timestamp="2024-01-16T07:55:57" hostname="DESKTOP-J0DUCSP" time="0.451">
  <properties/>
  <testcase name="insert()" classname="project.todo.testController.test" time="0.451"/>
  <system-out><![CDATA[16:55:54.524 [Test worker] INFO org.springframework.test.context.support.AnnotationConfigContextLoaderUtils -- Could not detect default configuration classes for test class [project.todo.testController.test]: test does not declare any static, non-private, non-final, nested classes annotated with @Configuration.
16:55:54.619 [Test worker] INFO org.springframework.boot.test.context.SpringBootTestContextBootstrapper -- Found @SpringBootConfiguration project.todo.TodoProjectApplication for test class project.todo.testController.test

  .   ____          _            __ _ _
 /\\ / ___'_ __ _ _(_)_ __  __ _ \ \ \ \
( ( )\___ | '_ | '_| | '_ \/ _` | \ \ \ \
 \\/  ___)| |_)| | | | | || (_| |  ) ) ) )
  '  |____| .__|_| |_|_| |_\__, | / / / /
 =========|_|==============|___/=/_/_/_/
 :: Spring Boot ::                (v3.2.1)

2024-01-16T16:55:54.970+09:00  INFO 15180 --- [    Test worker] project.todo.testController.test         : Starting test using Java 17.0.8 with PID 15180 (started by user in C:\SpringBoot\todo_project)
2024-01-16T16:55:54.971+09:00  INFO 15180 --- [    Test worker] project.todo.testController.test         : No active profile set, falling back to 1 default profile: "default"
2024-01-16T16:55:55.486+09:00  INFO 15180 --- [    Test worker] .s.d.r.c.RepositoryConfigurationDelegate : Bootstrapping Spring Data JPA repositories in DEFAULT mode.
2024-01-16T16:55:55.532+09:00  INFO 15180 --- [    Test worker] .s.d.r.c.RepositoryConfigurationDelegate : Finished Spring Data repository scanning in 39 ms. Found 1 JPA repository interface.
2024-01-16T16:55:55.907+09:00  INFO 15180 --- [    Test worker] o.hibernate.jpa.internal.util.LogHelper  : HHH000204: Processing PersistenceUnitInfo [name: default]
2024-01-16T16:55:55.966+09:00  INFO 15180 --- [    Test worker] org.hibernate.Version                    : HHH000412: Hibernate ORM core version 6.4.1.Final
2024-01-16T16:55:56.000+09:00  INFO 15180 --- [    Test worker] o.h.c.internal.RegionFactoryInitiator    : HHH000026: Second-level cache disabled
2024-01-16T16:55:56.211+09:00  INFO 15180 --- [    Test worker] o.s.o.j.p.SpringPersistenceUnitInfo      : No LoadTimeWeaver setup: ignoring JPA class transformer
2024-01-16T16:55:56.236+09:00  INFO 15180 --- [    Test worker] com.zaxxer.hikari.HikariDataSource       : HikariPool-1 - Starting...
2024-01-16T16:55:56.293+09:00  INFO 15180 --- [    Test worker] com.zaxxer.hikari.pool.HikariPool        : HikariPool-1 - Added connection conn0: url=jdbc:h2:tcp://localhost/~/.h2/todo_list user=JIYEON
2024-01-16T16:55:56.295+09:00  INFO 15180 --- [    Test worker] com.zaxxer.hikari.HikariDataSource       : HikariPool-1 - Start completed.
2024-01-16T16:55:56.951+09:00  INFO 15180 --- [    Test worker] o.h.e.t.j.p.i.JtaPlatformInitiator       : HHH000489: No JTA platform available (set 'hibernate.transaction.jta.platform' to enable JTA platform integration)
Hibernate: drop table if exists todo cascade 
Hibernate: create table todo (id bigint generated by default as identity, content varchar(30), status varchar(255) check (status in ('ACTIVE','COMPLETED')), primary key (id))
2024-01-16T16:55:56.975+09:00  INFO 15180 --- [    Test worker] j.LocalContainerEntityManagerFactoryBean : Initialized JPA EntityManagerFactory for persistence unit 'default'
2024-01-16T16:55:57.295+09:00  WARN 15180 --- [    Test worker] JpaBaseConfiguration$JpaWebConfiguration : spring.jpa.open-in-view is enabled by default. Therefore, database queries may be performed during view rendering. Explicitly configure spring.jpa.open-in-view to disable this warning
2024-01-16T16:55:57.630+09:00  INFO 15180 --- [    Test worker] project.todo.testController.test         : Started test in 2.882 seconds (process running for 3.774)
Hibernate: insert into todo (content,status,id) values (?,?,default)
]]></system-out>
  <system-err><![CDATA[]]></system-err>
</testsuite>
